Unity Editor version:    2020.3.19f1 (68f137dc9bbe)
Branch:                  2020.3/staging
Build type:              Release
Batch mode:              YES
macOS version:           Version 11.6 (Build 20G165)
Darwin version:          20.6.0
Architecture:            x86_64
Running under Rosetta:   YES
Available memory:        8192 MB
Using pre-set license
Pro License: NO

COMMAND LINE ARGUMENTS:
/Applications/2020.3.19f1/Unity.app/Contents/MacOS/Unity
-adb2
-batchMode
-noUpm
-name
AssetImportWorker1
-projectPath
/Users/tek/_/repos/Space1/space1
-logFile
Logs/AssetImportWorker1.log
-srvPort
49399
Successfully changed project path to: /Users/tek/_/repos/Space1/space1
/Users/tek/_/repos/Space1/space1
Using Asset Import Pipeline V2.
Refreshing native plugins compatible for Editor in 27.82 ms, found 2 plugins.
Preloading 0 native plugins for Editor in 0.00 ms.
Initialize engine version: 2020.3.19f1 (68f137dc9bbe)
[Subsystems] Discovering subsystems at path /Applications/2020.3.19f1/Unity.app/Contents/Resources/UnitySubsystems
[Subsystems] Discovering subsystems at path /Users/tek/_/repos/Space1/space1/Assets
GfxDevice: creating device client; threaded=0
2021-10-01 23:31:28.379 Unity[6861:158395] (null) preferred device: Apple M1 (high power)
2021-10-01 23:31:28.379 Unity[6861:158395] Metal devices available: 1
2021-10-01 23:31:28.379 Unity[6861:158395] 0: Apple M1 (high power)
2021-10-01 23:31:28.380 Unity[6861:158395] Using device Apple M1 (high power)
Initializing Metal device caps: Apple M1
Initialize mono
Mono path[0] = '/Applications/2020.3.19f1/Unity.app/Contents/Managed'
Mono path[1] = '/Applications/2020.3.19f1/Unity.app/Contents/MonoBleedingEdge/lib/mono/unityjit'
Mono config path = '/Applications/2020.3.19f1/Unity.app/Contents/MonoBleedingEdge/etc'
Using monoOptions --debugger-agent=transport=dt_socket,embedding=1,server=y,suspend=n,address=127.0.0.1:56861
Begin MonoManager ReloadAssembly
Registering precompiled unity dll's ...
Register platform support module: /Applications/2020.3.19f1/Unity.app/Contents/PlaybackEngines/MacStandaloneSupport/UnityEditor.OSXStandalone.Extensions.dll
Registered in 0.001496 seconds.
Native extension for OSXStandalone target not found
Refreshing native plugins compatible for Editor in 26.05 ms, found 2 plugins.
Preloading 0 native plugins for Editor in 0.00 ms.
Mono: successfully reloaded assembly
- Completed reload, in  2.368 seconds
Domain Reload Profiling:
	ReloadAssembly (2368ms)
		BeginReloadAssembly (88ms)
			ExecutionOrderSort (0ms)
			DisableScriptedObjects (0ms)
			BackupInstance (0ms)
			ReleaseScriptingObjects (0ms)
			CreateAndSetChildDomain (3ms)
		EndReloadAssembly (902ms)
			LoadAssemblies (86ms)
			RebuildTransferFunctionScriptingTraits (0ms)
			SetupTypeCache (186ms)
			ReleaseScriptCaches (0ms)
			RebuildScriptCaches (45ms)
			SetupLoadedEditorAssemblies (510ms)
				LogAssemblyErrors (0ms)
				InitializePlatformSupportModulesInManaged (10ms)
				SetLoadedEditorAssemblies (0ms)
				RefreshPlugins (26ms)
				BeforeProcessingInitializeOnLoad (29ms)
				ProcessInitializeOnLoadAttributes (321ms)
				ProcessInitializeOnLoadMethodAttributes (120ms)
				AfterProcessingInitializeOnLoad (0ms)
				EditorAssembliesLoaded (3ms)
			ExecutionOrderSort2 (0ms)
			AwakeInstancesAfterBackupRestoration (0ms)
Platform modules already initialized, skipping
Registering precompiled user dll's ...
Registered in 0.002615 seconds.
Begin MonoManager ReloadAssembly
Native extension for OSXStandalone target not found
Refreshing native plugins compatible for Editor in 0.26 ms, found 2 plugins.
Preloading 0 native plugins for Editor in 0.00 ms.
Mono: successfully reloaded assembly
- Completed reload, in  2.324 seconds
Domain Reload Profiling:
	ReloadAssembly (2327ms)
		BeginReloadAssembly (264ms)
			ExecutionOrderSort (0ms)
			DisableScriptedObjects (31ms)
			BackupInstance (0ms)
			ReleaseScriptingObjects (0ms)
			CreateAndSetChildDomain (39ms)
		EndReloadAssembly (1972ms)
			LoadAssemblies (183ms)
			RebuildTransferFunctionScriptingTraits (0ms)
			SetupTypeCache (300ms)
			ReleaseScriptCaches (0ms)
			RebuildScriptCaches (54ms)
			SetupLoadedEditorAssemblies (1170ms)
				LogAssemblyErrors (0ms)
				InitializePlatformSupportModulesInManaged (14ms)
				SetLoadedEditorAssemblies (1ms)
				RefreshPlugins (0ms)
				BeforeProcessingInitializeOnLoad (183ms)
				ProcessInitializeOnLoadAttributes (955ms)
				ProcessInitializeOnLoadMethodAttributes (15ms)
				AfterProcessingInitializeOnLoad (1ms)
				EditorAssembliesLoaded (0ms)
			ExecutionOrderSort2 (0ms)
			AwakeInstancesAfterBackupRestoration (33ms)
Platform modules already initialized, skipping
Validating Project structure ... 0.000321 seconds.
Shader import version has changed; will reimport all shaders...
Upgrading shader files ...0.001015 seconds.
Application.AssetDatabase Initial Script Refresh Start
RefreshInfo: InitialScriptRefreshV2(NoUpdateAssetOptions) scanfilter:  ... 1 filters
RefreshProfiler: Total: 0.000ms
Application.AssetDatabase Initial Script Refresh End
Application.AssetDatabase.Refresh Start
Application.AssetDatabase.Refresh End
RefreshInfo: StopAssetImportingV2(ForceSynchronousImport) scanfilter: 
RefreshProfiler: Total: 0.000ms
Launching external process: /Applications/2020.3.19f1/Unity.app/Contents/Tools/UnityShaderCompiler
Launched and connected shader compiler UnityShaderCompiler after 0.03 seconds
Initializing Unity extensions:
========================================================================
Worker process is ready to serve import requests
Refreshing native plugins compatible for Editor in 0.20 ms, found 2 plugins.
Preloading 0 native plugins for Editor in 0.00 ms.
Unloading 1410 Unused Serialized files (Serialized files now loaded: 0)
System memory in use before: 158.5 MB.
System memory in use after: 157.7 MB.

Unloading 85 unused Assets to reduce memory usage. Loaded Objects now: 1892.
Total: 2.579125 ms (FindLiveObjects: 0.127959 ms CreateObjectMapping: 0.029333 ms MarkObjects: 1.998833 ms  DeleteObjects: 0.422125 ms)

AssetImportParameters requested are different than current active one (requested -> active):
  custom:video-decoder-ogg-theora: a1e56fd34408186e4bbccfd4996cb3dc -> 
  custom:container-muxer-webm: aa71ff27fc2769a1b78a27578f13a17b -> 
  custom:container-demuxer-webm: 4f35f7cbe854078d1ac9338744f61a02 -> 
  custom:container-demuxer-ogg: 62fdf1f143b41e24485cea50d1cbac27 -> 
  custom:video-encoder-webm-vp8: eb34c28f22e8b96e1ab97ce403110664 -> 
  custom:framework-osx-AVFoundation: e770b220cccbd017edd2c1fefb359320 -> 
  custom:video-decoder-webm-vp8: 9c59270c3fd7afecdb556c50c9e8de78 -> 
  custom:audio-decoder-ogg-vorbis: bf7c407c2cedff20999df2af8eb42d56 -> 
  custom:audio-encoder-webm-vorbis: bf7c407c2cedff20999df2af8eb42d56 -> 
========================================================================
Received Import Request.
  path: Assets/Shaders/UT1.shader
  artifactKey: Guid(4c023fe1685054906b95fc5c54407605) Importer(815301076,1909f56bfc062723c751e8b465ee728b)
Start importing Assets/Shaders/UT1.shader using Guid(4c023fe1685054906b95fc5c54407605) Importer(815301076,1909f56bfc062723c751e8b465ee728b)  -> (artifact id: 'b922d84b5f21f717c412ca656c4a19e8') in 0.670015 seconds 
  Import took 0.672477 seconds .

========================================================================
Received Import Request.
  Time since last request: 117.561313 seconds.
  path: Assets/Shaders/UT1.shader
  artifactKey: Guid(4c023fe1685054906b95fc5c54407605) Importer(815301076,1909f56bfc062723c751e8b465ee728b)
Start importing Assets/Shaders/UT1.shader using Guid(4c023fe1685054906b95fc5c54407605) Importer(815301076,1909f56bfc062723c751e8b465ee728b)  -> (artifact id: '33058e9327b163387a5535758e5e0577') in 0.007845 seconds 
  Import took 0.022723 seconds .

========================================================================
Received Import Request.
  Time since last request: 9.137338 seconds.
  path: Assets/Shaders/UT2.shader
  artifactKey: Guid(5ef03078bc2aa4c2a88d7b5ef0dd686d) Importer(815301076,1909f56bfc062723c751e8b465ee728b)
Start importing Assets/Shaders/UT2.shader using Guid(5ef03078bc2aa4c2a88d7b5ef0dd686d) Importer(815301076,1909f56bfc062723c751e8b465ee728b)  -> (artifact id: '7f7472b0b0e1cdf6a1361765946f1982') in 0.004605 seconds 
  Import took 0.006662 seconds .

========================================================================
Received Import Request.
  Time since last request: 10.364932 seconds.
  path: Assets/Shaders/UT1.shader
  artifactKey: Guid(4c023fe1685054906b95fc5c54407605) Importer(815301076,1909f56bfc062723c751e8b465ee728b)
Start importing Assets/Shaders/UT1.shader using Guid(4c023fe1685054906b95fc5c54407605) Importer(815301076,1909f56bfc062723c751e8b465ee728b)  -> (artifact id: '6381c60b15c541a85ebe8b044e77b1a9') in 0.001203 seconds 
  Import took 0.003316 seconds .

========================================================================
Received Import Request.
  Time since last request: 88.930644 seconds.
  path: Assets/Shaders/UT2.shader
  artifactKey: Guid(5ef03078bc2aa4c2a88d7b5ef0dd686d) Importer(815301076,1909f56bfc062723c751e8b465ee728b)
Start importing Assets/Shaders/UT2.shader using Guid(5ef03078bc2aa4c2a88d7b5ef0dd686d) Importer(815301076,1909f56bfc062723c751e8b465ee728b)  -> (artifact id: '51d5e0a7dd3c28ac3aeacb7158c1c099') in 0.005083 seconds 
  Import took 0.009106 seconds .

========================================================================
Received Import Request.
  Time since last request: 6.483124 seconds.
  path: Assets/Shaders/UT3.shader
  artifactKey: Guid(e05066a65c77746078d65cb7df63edf0) Importer(815301076,1909f56bfc062723c751e8b465ee728b)
Start importing Assets/Shaders/UT3.shader using Guid(e05066a65c77746078d65cb7df63edf0) Importer(815301076,1909f56bfc062723c751e8b465ee728b)  -> (artifact id: '48baa19eff9de7a6fd09b3af3e323c70') in 0.002555 seconds 
  Import took 0.004452 seconds .

========================================================================
Received Import Request.
  Time since last request: 8.239679 seconds.
  path: Assets/Shaders/UT3.shader
  artifactKey: Guid(e05066a65c77746078d65cb7df63edf0) Importer(815301076,1909f56bfc062723c751e8b465ee728b)
Start importing Assets/Shaders/UT3.shader using Guid(e05066a65c77746078d65cb7df63edf0) Importer(815301076,1909f56bfc062723c751e8b465ee728b)  -> (artifact id: '19820c4e82fe8b35fc9f4f7a9bca2e53') in 0.001639 seconds 
  Import took 0.003577 seconds .

========================================================================
Received Import Request.
  Time since last request: 68.092963 seconds.
  path: Assets/Shaders/UT3.shader
  artifactKey: Guid(e05066a65c77746078d65cb7df63edf0) Importer(815301076,1909f56bfc062723c751e8b465ee728b)
Start importing Assets/Shaders/UT3.shader using Guid(e05066a65c77746078d65cb7df63edf0) Importer(815301076,1909f56bfc062723c751e8b465ee728b)  -> (artifact id: '63c5dcf611e2baaac5236798754397d6') in 0.002583 seconds 
  Import took 0.004624 seconds .

========================================================================
Received Import Request.
  Time since last request: 62.125604 seconds.
  path: Assets/Shaders/UT3.shader
  artifactKey: Guid(e05066a65c77746078d65cb7df63edf0) Importer(815301076,1909f56bfc062723c751e8b465ee728b)
Start importing Assets/Shaders/UT3.shader using Guid(e05066a65c77746078d65cb7df63edf0) Importer(815301076,1909f56bfc062723c751e8b465ee728b)  -> (artifact id: '83088690e6964482eb0c9f40ea5f578a') in 0.002135 seconds 
  Import took 0.004328 seconds .

========================================================================
Received Import Request.
  Time since last request: 145.322092 seconds.
  path: Assets/Shaders/UT3.shader
  artifactKey: Guid(e05066a65c77746078d65cb7df63edf0) Importer(815301076,1909f56bfc062723c751e8b465ee728b)
Start importing Assets/Shaders/UT3.shader using Guid(e05066a65c77746078d65cb7df63edf0) Importer(815301076,1909f56bfc062723c751e8b465ee728b)  -> (artifact id: 'ffd195c55a8f8c62a6702fe3256080c9') in 0.001931 seconds 
  Import took 0.003873 seconds .

========================================================================
Received Import Request.
  Time since last request: 17.756935 seconds.
  path: Assets/Shaders/UnlitTransparent.shader
  artifactKey: Guid(136689ac443444783a9e49596de6648e) Importer(815301076,1909f56bfc062723c751e8b465ee728b)
Start importing Assets/Shaders/UnlitTransparent.shader using Guid(136689ac443444783a9e49596de6648e) Importer(815301076,1909f56bfc062723c751e8b465ee728b)  -> (artifact id: 'a20f36cff2712ad0ec9c3754a8a31e67') in 0.001395 seconds 
  Import took 0.003332 seconds .

========================================================================
Received Import Request.
  Time since last request: 5.017163 seconds.
  path: Assets/Shaders/UT0.shader
  artifactKey: Guid(136689ac443444783a9e49596de6648e) Importer(815301076,1909f56bfc062723c751e8b465ee728b)
Start importing Assets/Shaders/UT0.shader using Guid(136689ac443444783a9e49596de6648e) Importer(815301076,1909f56bfc062723c751e8b465ee728b)  -> (artifact id: '9b8b5ea485f6a6074d5b8192ad641810') in 0.001368 seconds 
  Import took 0.003253 seconds .

========================================================================
Received Prepare
Registering precompiled user dll's ...
Registered in 0.003163 seconds.
Begin MonoManager ReloadAssembly
Native extension for OSXStandalone target not found
Refreshing native plugins compatible for Editor in 0.27 ms, found 2 plugins.
Preloading 0 native plugins for Editor in 0.00 ms.
Mono: successfully reloaded assembly
- Completed reload, in  2.285 seconds
Domain Reload Profiling:
	ReloadAssembly (2286ms)
		BeginReloadAssembly (247ms)
			ExecutionOrderSort (0ms)
			DisableScriptedObjects (33ms)
			BackupInstance (0ms)
			ReleaseScriptingObjects (0ms)
			CreateAndSetChildDomain (97ms)
		EndReloadAssembly (1946ms)
			LoadAssemblies (195ms)
			RebuildTransferFunctionScriptingTraits (0ms)
			SetupTypeCache (306ms)
			ReleaseScriptCaches (1ms)
			RebuildScriptCaches (50ms)
			SetupLoadedEditorAssemblies (1125ms)
				LogAssemblyErrors (0ms)
				InitializePlatformSupportModulesInManaged (14ms)
				SetLoadedEditorAssemblies (1ms)
				RefreshPlugins (0ms)
				BeforeProcessingInitializeOnLoad (213ms)
				ProcessInitializeOnLoadAttributes (879ms)
				ProcessInitializeOnLoadMethodAttributes (15ms)
				AfterProcessingInitializeOnLoad (1ms)
				EditorAssembliesLoaded (0ms)
			ExecutionOrderSort2 (0ms)
			AwakeInstancesAfterBackupRestoration (31ms)
Platform modules already initialized, skipping
Refreshing native plugins compatible for Editor in 0.23 ms, found 2 plugins.
Preloading 0 native plugins for Editor in 0.00 ms.
Unloading 1402 Unused Serialized files (Serialized files now loaded: 0)
System memory in use before: 160.9 MB.
System memory in use after: 161.0 MB.

Unloading 14 unused Assets to reduce memory usage. Loaded Objects now: 1895.
Total: 2.108291 ms (FindLiveObjects: 0.098166 ms CreateObjectMapping: 0.026750 ms MarkObjects: 1.914250 ms  DeleteObjects: 0.068292 ms)

AssetImportParameters requested are different than current active one (requested -> active):
  custom:video-decoder-ogg-theora: a1e56fd34408186e4bbccfd4996cb3dc -> 
  custom:container-muxer-webm: aa71ff27fc2769a1b78a27578f13a17b -> 
  custom:container-demuxer-webm: 4f35f7cbe854078d1ac9338744f61a02 -> 
  custom:container-demuxer-ogg: 62fdf1f143b41e24485cea50d1cbac27 -> 
  custom:video-encoder-webm-vp8: eb34c28f22e8b96e1ab97ce403110664 -> 
  custom:framework-osx-AVFoundation: e770b220cccbd017edd2c1fefb359320 -> 
  custom:video-decoder-webm-vp8: 9c59270c3fd7afecdb556c50c9e8de78 -> 
  custom:audio-decoder-ogg-vorbis: bf7c407c2cedff20999df2af8eb42d56 -> 
  custom:audio-encoder-webm-vorbis: bf7c407c2cedff20999df2af8eb42d56 -> 
